<?xml version="1.0" encoding="UTF-8"?>
<testExecutions version="1">
  <file path="/Users/shihabudheenus/Documents/shihabudheen-us-news-app/src/app/DetailsPage/store/reducer.test.js">
    <testCase name="Details Page Reducer should return the initial state" duration="5"/>
    <testCase name="Details Page Reducer should handle default" duration="1"/>
    <testCase name="Details Page Reducer should handle SELECTED_ARTICLE" duration="0"/>
  </file>
  <file path="/Users/shihabudheenus/Documents/shihabudheen-us-news-app/src/app/HomePage/store/reducer.test.js">
  </file>
  <file path="/Users/shihabudheenus/Documents/shihabudheen-us-news-app/src/app/HomePage/store/action.test.js">
  </file>
  <file path="/Users/shihabudheenus/Documents/shihabudheen-us-news-app/src/components/HomePage/Card.test.js">
  </file>
  <file path="/Users/shihabudheenus/Documents/shihabudheen-us-news-app/src/app/DetailsPage/DetailsPage.test.js">
  </file>
  <file path="/Users/shihabudheenus/Documents/shihabudheen-us-news-app/src/app/HomePage/HomePage.test.js">
  </file>
</testExecutions>